<?xml version="1.0" encoding="UTF-8"?>
<!-- Generated by org.testng.reporters.JUnitXMLReporter -->
<testsuite hostname="iSwasu" ignored="1" name="Test1" tests="1" failures="0" timestamp="2020-08-14T18:12:29 IST" time="0.094" errors="0">
  <testcase name="@AfterTest close" time="0.002" classname="Priya.HomePage">
    <failure type="java.lang.NullPointerException">
      <![CDATA[java.lang.NullPointerException
at Priya.HomePage.close(HomePage.java:66)
... Removed 24 stack frames]]>
    </failure>
  </testcase> <!-- @AfterTest close -->
  <testcase name="getDemo" time="0.014" classname="Priya.HomePage"/>
  <testcase name="landingPage" time="0.0" classname="Priya.HomePage">
    <ignored/>
  </testcase> <!-- landingPage -->
</testsuite> <!-- Test1 -->
