<?xml version="1.0" encoding="UTF-8"?>
<testng-results ignored="1" total="2" passed="1" failed="0" skipped="0">
  <reporter-output>
  </reporter-output>
  <suite started-at="2020-08-15T11:33:15 IST" name="Suite" finished-at="2020-08-15T11:33:36 IST" duration-ms="21103">
    <groups>
    </groups>
    <test started-at="2020-08-15T11:33:15 IST" name="Test2" finished-at="2020-08-15T11:33:36 IST" duration-ms="21103">
      <class name="Priya.validateTitle">
        <test-method signature="titleCheck()[pri:0, instance:Priya.validateTitle@4c6daf0]" started-at="2020-08-15T11:33:15 IST" name="titleCheck" finished-at="2020-08-15T11:33:36 IST" duration-ms="20737" status="PASS">
          <reporter-output>
          </reporter-output>
        </test-method> <!-- titleCheck -->
        <test-method is-config="true" signature="close()[pri:0, instance:Priya.validateTitle@4c6daf0]" started-at="2020-08-15T11:33:36 IST" name="close" finished-at="2020-08-15T11:33:36 IST" duration-ms="261" status="PASS">
          <reporter-output>
          </reporter-output>
        </test-method> <!-- close -->
      </class> <!-- Priya.validateTitle -->
    </test> <!-- Test2 -->
  </suite> <!-- Suite -->
</testng-results>
